nohup: ignoring input
2016/03/12 19:38:01 0
2016/03/12 19:38:33 10000
2016/03/12 19:38:53 20000
2016/03/12 19:39:14 30000
2016/03/12 19:39:35 40000
2016/03/12 19:39:55 50000
2016/03/12 19:40:15 60000
2016/03/12 19:40:36 70000
2016/03/12 19:40:57 80000
2016/03/12 19:41:17 90000
2016/03/12 19:41:40 100000
2016/03/12 19:42:02 110000
2016/03/12 19:42:25 120000
2016/03/12 19:42:50 130000
2016/03/12 19:43:15 140000
2016/03/12 19:43:39 150000
2016/03/12 19:44:00 160000
2016/03/12 19:44:22 170000
2016/03/12 19:44:44 180000
2016/03/12 19:45:06 190000
2016/03/12 19:45:26 200000
2016/03/12 19:45:46 210000
2016/03/12 19:46:07 220000
2016/03/12 19:46:28 230000
2016/03/12 19:46:48 240000
2016/03/12 19:47:07 250000
2016/03/12 19:47:26 260000
2016/03/12 19:47:47 270000
2016/03/12 19:48:08 280000
2016/03/12 19:48:30 290000
2016/03/12 19:48:51 300000
2016/03/12 19:49:13 310000
2016/03/12 19:49:33 320000
2016/03/12 19:49:52 330000
2016/03/12 19:50:12 340000
2016/03/12 19:50:32 350000
2016/03/12 19:50:52 360000
2016/03/12 19:51:13 370000
2016/03/12 19:51:33 380000
2016/03/12 19:51:53 390000
2016/03/12 19:52:13 400000
2016/03/12 19:52:34 410000
2016/03/12 19:52:55 420000
2016/03/12 19:53:16 430000
2016/03/12 19:53:37 440000
2016/03/12 19:53:57 450000
2016/03/12 19:54:18 460000
2016/03/12 19:54:39 470000
2016/03/12 19:55:01 480000
2016/03/12 19:55:23 490000
2016/03/12 19:55:45 500000
2016/03/12 19:56:06 510000
2016/03/12 19:56:28 520000
2016/03/12 19:56:48 530000
2016/03/12 19:57:10 540000
2016/03/12 19:57:31 550000
2016/03/12 19:57:52 560000
2016/03/12 19:58:13 570000
2016/03/12 19:58:34 580000
2016/03/12 19:58:55 590000
2016/03/12 19:59:16 600000
2016/03/12 19:59:36 610000
2016/03/12 19:59:56 620000
2016/03/12 20:00:16 630000
2016/03/12 20:00:35 640000
2016/03/12 20:00:56 650000
2016/03/12 20:01:17 660000
2016/03/12 20:01:40 670000
2016/03/12 20:02:01 680000
2016/03/12 20:02:21 690000
2016/03/12 20:02:42 700000
2016/03/12 20:03:03 710000
2016/03/12 20:03:24 720000
2016/03/12 20:03:46 730000
2016/03/12 20:04:08 740000
2016/03/12 20:04:29 750000
2016/03/12 20:04:50 760000
2016/03/12 20:05:11 770000
2016/03/12 20:05:33 780000
2016/03/12 20:05:55 790000
2016/03/12 20:06:16 800000
2016/03/12 20:06:39 810000
2016/03/12 20:07:01 820000
2016/03/12 20:07:22 830000
2016/03/12 20:07:42 840000
2016/03/12 20:08:04 850000
2016/03/12 20:08:25 860000
2016/03/12 20:08:46 870000
2016/03/12 20:09:07 880000
2016/03/12 20:09:29 890000
2016/03/12 20:09:54 900000
2016/03/12 20:10:14 910000
2016/03/12 20:10:35 920000
2016/03/12 20:10:56 930000
2016/03/12 20:11:17 940000
2016/03/12 20:11:37 950000
2016/03/12 20:11:59 960000
2016/03/12 20:12:21 970000
2016/03/12 20:12:41 980000
2016/03/12 20:13:04 990000
2016/03/12 20:13:24 1000000
2016/03/12 20:13:46 1010000
2016/03/12 20:14:07 1020000
2016/03/12 20:14:29 1030000
2016/03/12 20:14:51 1040000
2016/03/12 20:15:12 1050000
2016/03/12 20:15:34 1060000
2016/03/12 20:15:54 1070000
2016/03/12 20:16:16 1080000
2016/03/12 20:16:37 1090000
2016/03/12 20:16:58 1100000
2016/03/12 20:17:19 1110000
2016/03/12 20:17:40 1120000
2016/03/12 20:18:02 1130000
2016/03/12 20:18:23 1140000
2016/03/12 20:18:44 1150000
2016/03/12 20:19:06 1160000
2016/03/12 20:19:28 1170000
2016/03/12 20:19:50 1180000
2016/03/12 20:20:12 1190000
2016/03/12 20:20:35 1200000
2016/03/12 20:20:56 1210000
2016/03/12 20:21:19 1220000
2016/03/12 20:21:41 1230000
2016/03/12 20:22:03 1240000
2016/03/12 20:22:26 1250000
2016/03/12 20:22:47 1260000
2016/03/12 20:23:09 1270000
2016/03/12 20:23:32 1280000
2016/03/12 20:23:54 1290000
2016/03/12 20:24:15 1300000
2016/03/12 20:24:37 1310000
2016/03/12 20:24:58 1320000
2016/03/12 20:25:21 1330000
2016/03/12 20:25:43 1340000
2016/03/12 20:26:03 1350000
2016/03/12 20:26:24 1360000
2016/03/12 20:26:48 1370000
2016/03/12 20:27:10 1380000
2016/03/12 20:27:33 1390000
2016/03/12 20:27:55 1400000
2016/03/12 20:28:17 1410000
2016/03/12 20:28:39 1420000
2016/03/12 20:29:03 1430000
2016/03/12 20:29:25 1440000
2016/03/12 20:29:49 1450000
2016/03/12 20:30:09 1460000
2016/03/12 20:30:32 1470000
2016/03/12 20:30:55 1480000
2016/03/12 20:31:18 1490000
2016/03/12 20:31:40 1500000
2016/03/12 20:32:02 1510000
2016/03/12 20:32:24 1520000
2016/03/12 20:32:47 1530000
2016/03/12 20:33:09 1540000
2016/03/12 20:33:32 1550000
2016/03/12 20:33:55 1560000
2016/03/12 20:34:18 1570000
2016/03/12 20:34:39 1580000
2016/03/12 20:35:02 1590000
2016/03/12 20:35:24 1600000
2016/03/12 20:35:47 1610000
2016/03/12 20:36:10 1620000
2016/03/12 20:36:34 1630000
2016/03/12 20:36:57 1640000
2016/03/12 20:37:23 1650000
2016/03/12 20:37:45 1660000
2016/03/12 20:38:08 1670000
2016/03/12 20:38:30 1680000
2016/03/12 20:38:53 1690000
2016/03/12 20:39:16 1700000
2016/03/12 20:39:38 1710000
2016/03/12 20:40:01 1720000
2016/03/12 20:40:24 1730000
2016/03/12 20:40:47 1740000
2016/03/12 20:41:10 1750000
2016/03/12 20:41:33 1760000
2016/03/12 20:41:56 1770000
2016/03/12 20:42:19 1780000
2016/03/12 20:42:42 1790000
2016/03/12 20:43:05 1800000
2016/03/12 20:43:30 1810000
2016/03/12 20:43:53 1820000
2016/03/12 20:44:15 1830000
2016/03/12 20:44:39 1840000
2016/03/12 20:45:02 1850000
2016/03/12 20:45:25 1860000
2016/03/12 20:45:48 1870000
2016/03/12 20:46:11 1880000
2016/03/12 20:46:35 1890000
2016/03/12 20:46:58 1900000
2016/03/12 20:47:21 1910000
2016/03/12 20:47:44 1920000
2016/03/12 20:48:09 1930000
2016/03/12 20:48:32 1940000
2016/03/12 20:48:55 1950000
2016/03/12 20:49:18 1960000
2016/03/12 20:49:42 1970000
2016/03/12 20:50:06 1980000
2016/03/12 20:50:29 1990000
2016/03/12 20:50:51 2000000
2016/03/12 20:51:13 2010000
2016/03/12 20:51:38 2020000
2016/03/12 20:52:03 2030000
2016/03/12 20:52:26 2040000
2016/03/12 20:52:49 2050000
2016/03/12 20:53:12 2060000
2016/03/12 20:53:37 2070000
2016/03/12 20:54:02 2080000
2016/03/12 20:54:26 2090000
2016/03/12 20:54:50 2100000
2016/03/12 20:55:12 2110000
2016/03/12 20:55:40 2120000
2016/03/12 20:56:03 2130000
2016/03/12 20:56:26 2140000
2016/03/12 20:56:51 2150000
2016/03/12 20:57:14 2160000
2016/03/12 20:57:37 2170000
2016/03/12 20:58:00 2180000
2016/03/12 20:58:24 2190000
2016/03/12 20:58:47 2200000
2016/03/12 20:59:10 2210000
2016/03/12 20:59:34 2220000
2016/03/12 20:59:58 2230000
2016/03/12 21:00:20 2240000
2016/03/12 21:00:42 2250000
2016/03/12 21:01:06 2260000
2016/03/12 21:01:29 2270000
2016/03/12 21:01:54 2280000
2016/03/12 21:02:18 2290000
2016/03/12 21:02:40 2300000
2016/03/12 21:03:02 2310000
2016/03/12 21:03:27 2320000
2016/03/12 21:03:52 2330000
2016/03/12 21:04:15 2340000
2016/03/12 21:04:39 2350000
2016/03/12 21:05:04 2360000
2016/03/12 21:05:28 2370000
2016/03/12 21:05:53 2380000
2016/03/12 21:06:17 2390000
2016/03/12 21:06:41 2400000
2016/03/12 21:07:05 2410000
2016/03/12 21:07:27 2420000
2016/03/12 21:07:51 2430000
2016/03/12 21:08:14 2440000
2016/03/12 21:08:39 2450000
2016/03/12 21:09:04 2460000
2016/03/12 21:09:27 2470000
2016/03/12 21:09:51 2480000
2016/03/12 21:10:15 2490000
2016/03/12 21:10:40 2500000
2016/03/12 21:11:06 2510000
2016/03/12 21:11:30 2520000
2016/03/12 21:11:55 2530000
2016/03/12 21:12:19 2540000
2016/03/12 21:12:42 2550000
2016/03/12 21:13:06 2560000
2016/03/12 21:13:31 2570000
2016/03/12 21:13:57 2580000
2016/03/12 21:14:21 2590000
2016/03/12 21:14:44 2600000
2016/03/12 21:15:07 2610000
2016/03/12 21:15:31 2620000
2016/03/12 21:15:55 2630000
2016/03/12 21:16:18 2640000
2016/03/12 21:16:41 2650000
2016/03/12 21:17:07 2660000
2016/03/12 21:17:30 2670000
2016/03/12 21:17:55 2680000
2016/03/12 21:18:18 2690000
2016/03/12 21:18:41 2700000
2016/03/12 21:19:06 2710000
2016/03/12 21:19:29 2720000
2016/03/12 21:19:53 2730000
2016/03/12 21:20:17 2740000
2016/03/12 21:20:40 2750000
2016/03/12 21:21:03 2760000
2016/03/12 21:21:27 2770000
2016/03/12 21:21:51 2780000
2016/03/12 21:22:15 2790000
2016/03/12 21:22:39 2800000
2016/03/12 21:23:02 2810000
2016/03/12 21:23:26 2820000
2016/03/12 21:23:51 2830000
2016/03/12 21:24:13 2840000
2016/03/12 21:24:39 2850000
2016/03/12 21:25:04 2860000
2016/03/12 21:25:28 2870000
2016/03/12 21:25:51 2880000
2016/03/12 21:26:14 2890000
2016/03/12 21:26:40 2900000
2016/03/12 21:27:04 2910000
2016/03/12 21:27:27 2920000
2016/03/12 21:27:52 2930000
2016/03/12 21:28:15 2940000
2016/03/12 21:28:40 2950000
2016/03/12 21:29:05 2960000
2016/03/12 21:29:29 2970000
2016/03/12 21:29:52 2980000
2016/03/12 21:30:15 2990000
2016/03/12 21:30:39 3000000
2016/03/12 21:31:03 3010000
2016/03/12 21:31:27 3020000
2016/03/12 21:31:53 3030000
2016/03/12 21:32:17 3040000
2016/03/12 21:32:39 3050000
2016/03/12 21:33:03 3060000
2016/03/12 21:33:27 3070000
2016/03/12 21:33:52 3080000
2016/03/12 21:34:13 3090000
2016/03/12 21:34:37 3100000
2016/03/12 21:35:01 3110000
2016/03/12 21:35:24 3120000
2016/03/12 21:35:48 3130000
2016/03/12 21:36:13 3140000
2016/03/12 21:36:39 3150000
2016/03/12 21:37:02 3160000
2016/03/12 21:37:25 3170000
2016/03/12 21:37:50 3180000
2016/03/12 21:38:14 3190000
2016/03/12 21:38:39 3200000
2016/03/12 21:39:05 3210000
2016/03/12 21:39:27 3220000
2016/03/12 21:39:49 3230000
2016/03/12 21:40:13 3240000
2016/03/12 21:40:38 3250000
2016/03/12 21:41:01 3260000
2016/03/12 21:41:25 3270000
2016/03/12 21:41:51 3280000
2016/03/12 21:42:18 3290000
2016/03/12 21:42:44 3300000
2016/03/12 21:43:10 3310000
2016/03/12 21:43:35 3320000
2016/03/12 21:43:59 3330000
2016/03/12 21:44:22 3340000
2016/03/12 21:44:49 3350000
2016/03/12 21:45:12 3360000
2016/03/12 21:45:38 3370000
2016/03/12 21:46:13 3380000
2016/03/12 21:46:38 3390000
2016/03/12 21:47:03 3400000
2016/03/12 21:47:25 3410000
2016/03/12 21:47:49 3420000
2016/03/12 21:48:14 3430000
2016/03/12 21:48:38 3440000
2016/03/12 21:49:02 3450000
2016/03/12 21:49:27 3460000
2016/03/12 21:49:53 3470000
2016/03/12 21:50:21 3480000
2016/03/12 21:50:44 3490000
2016/03/12 21:51:08 3500000
2016/03/12 21:51:32 3510000
2016/03/12 21:51:56 3520000
2016/03/12 21:52:21 3530000
2016/03/12 21:52:45 3540000
2016/03/12 21:53:09 3550000
2016/03/12 21:53:32 3560000
2016/03/12 21:53:55 3570000
2016/03/12 21:54:19 3580000
2016/03/12 21:54:43 3590000
2016/03/12 21:55:08 3600000
2016/03/12 21:55:33 3610000
2016/03/12 21:55:58 3620000
2016/03/12 21:56:25 3630000
2016/03/12 21:56:51 3640000
2016/03/12 21:57:16 3650000
2016/03/12 21:57:41 3660000
2016/03/12 21:58:07 3670000
2016/03/12 21:58:32 3680000
2016/03/12 21:58:58 3690000
2016/03/12 21:59:24 3700000
2016/03/12 21:59:50 3710000
2016/03/12 22:00:14 3720000
2016/03/12 22:00:37 3730000
2016/03/12 22:01:00 3740000
2016/03/12 22:01:26 3750000
2016/03/12 22:01:51 3760000
2016/03/12 22:02:15 3770000
2016/03/12 22:02:40 3780000
2016/03/12 22:03:05 3790000
2016/03/12 22:03:29 3800000
2016/03/12 22:03:55 3810000
2016/03/12 22:04:19 3820000
2016/03/12 22:04:44 3830000
2016/03/12 22:05:07 3840000
2016/03/12 22:05:32 3850000
2016/03/12 22:05:57 3860000
2016/03/12 22:06:23 3870000
2016/03/12 22:06:47 3880000
2016/03/12 22:07:11 3890000
2016/03/12 22:07:41 3900000
2016/03/12 22:08:11 3910000
2016/03/12 22:08:36 3920000
2016/03/12 22:08:59 3930000
2016/03/12 22:09:22 3940000
2016/03/12 22:09:46 3950000
2016/03/12 22:10:10 3960000
2016/03/12 22:10:35 3970000
2016/03/12 22:10:59 3980000
2016/03/12 22:11:23 3990000
2016/03/12 22:11:47 4000000
2016/03/12 22:12:11 4010000
2016/03/12 22:12:36 4020000
2016/03/12 22:13:00 4030000
2016/03/12 22:13:24 4040000
2016/03/12 22:13:48 4050000
2016/03/12 22:14:11 4060000
2016/03/12 22:14:33 4070000
2016/03/12 22:14:58 4080000
2016/03/12 22:15:23 4090000
2016/03/12 22:15:47 4100000
2016/03/12 22:16:12 4110000
2016/03/12 22:16:35 4120000
2016/03/12 22:16:57 4130000
2016/03/12 22:17:21 4140000
2016/03/12 22:17:43 4150000
2016/03/12 22:18:08 4160000
2016/03/12 22:18:32 4170000
2016/03/12 22:18:53 4180000
2016/03/12 22:19:15 4190000
2016/03/12 22:19:38 4200000
2016/03/12 22:20:00 4210000
2016/03/12 22:20:22 4220000
2016/03/12 22:20:44 4230000
2016/03/12 22:21:07 4240000
2016/03/12 22:21:29 4250000
2016/03/12 22:21:54 4260000
2016/03/12 22:22:20 4270000
2016/03/12 22:22:44 4280000
2016/03/12 22:23:07 4290000
2016/03/12 22:23:30 4300000
2016/03/12 22:23:55 4310000
2016/03/12 22:24:20 4320000
2016/03/12 22:24:43 4330000
2016/03/12 22:25:08 4340000
2016/03/12 22:25:32 4350000
2016/03/12 22:25:58 4360000
2016/03/12 22:26:25 4370000
2016/03/12 22:26:47 4380000
2016/03/12 22:27:11 4390000
2016/03/12 22:27:34 4400000
2016/03/12 22:27:57 4410000
2016/03/12 22:28:20 4420000
2016/03/12 22:28:45 4430000
2016/03/12 22:29:10 4440000
2016/03/12 22:29:33 4450000
2016/03/12 22:29:57 4460000
2016/03/12 22:30:22 4470000
2016/03/12 22:30:45 4480000
2016/03/12 22:31:09 4490000
2016/03/12 22:31:34 4500000
2016/03/12 22:31:57 4510000
2016/03/12 22:32:21 4520000
2016/03/12 22:32:46 4530000
2016/03/12 22:33:12 4540000
2016/03/12 22:33:35 4550000
2016/03/12 22:33:58 4560000
2016/03/12 22:34:22 4570000
2016/03/12 22:34:46 4580000
2016/03/12 22:35:09 4590000
2016/03/12 22:35:33 4600000
2016/03/12 22:35:58 4610000
2016/03/12 22:36:24 4620000
2016/03/12 22:36:46 4630000
2016/03/12 22:37:09 4640000
2016/03/12 22:37:32 4650000
2016/03/12 22:37:55 4660000
2016/03/12 22:38:16 4670000
2016/03/12 22:38:39 4680000
2016/03/12 22:39:04 4690000
2016/03/12 22:39:29 4700000
2016/03/12 22:39:52 4710000
2016/03/12 22:40:16 4720000
2016/03/12 22:40:40 4730000
2016/03/12 22:41:04 4740000
2016/03/12 22:41:27 4750000
2016/03/12 22:41:49 4760000
2016/03/12 22:42:12 4770000
2016/03/12 22:42:38 4780000
2016/03/12 22:43:00 4790000
2016/03/12 22:43:25 4800000
2016/03/12 22:43:47 4810000
2016/03/12 22:44:09 4820000
2016/03/12 22:44:31 4830000
2016/03/12 22:44:56 4840000
2016/03/12 22:45:18 4850000
2016/03/12 22:45:41 4860000
2016/03/12 22:46:07 4870000
2016/03/12 22:46:30 4880000
2016/03/12 22:46:55 4890000
2016/03/12 22:47:18 4900000
2016/03/12 22:47:42 4910000
2016/03/12 22:48:05 4920000
2016/03/12 22:48:27 4930000
2016/03/12 22:48:54 4940000
2016/03/12 22:49:15 4950000
2016/03/12 22:49:40 4960000
2016/03/12 22:50:10 4970000
2016/03/12 22:50:33 4980000
2016/03/12 22:50:59 4990000
2016/03/12 22:51:20 5000000
2016/03/12 22:51:44 5010000
2016/03/12 22:52:11 5020000
2016/03/12 22:52:36 5030000
2016/03/12 22:52:59 5040000
2016/03/12 22:53:23 5050000
2016/03/12 22:53:45 5060000
2016/03/12 22:54:09 5070000
2016/03/12 22:54:29 5080000
2016/03/12 22:54:54 5090000
2016/03/12 22:55:17 5100000
2016/03/12 22:55:41 5110000
2016/03/12 22:56:07 5120000
2016/03/12 22:56:30 5130000
2016/03/12 22:56:51 5140000
2016/03/12 22:57:14 5150000
2016/03/12 22:57:37 5160000
2016/03/12 22:58:02 5170000
2016/03/12 22:58:26 5180000
2016/03/12 22:58:49 5190000
2016/03/12 22:59:14 5200000
2016/03/12 22:59:39 5210000
2016/03/12 23:00:04 5220000
2016/03/12 23:00:24 5230000
2016/03/12 23:00:46 5240000
2016/03/12 23:01:07 5250000
2016/03/12 23:01:29 5260000
2016/03/12 23:01:55 5270000
2016/03/12 23:02:19 5280000
2016/03/12 23:02:42 5290000
2016/03/12 23:03:05 5300000
2016/03/12 23:03:25 5310000
2016/03/12 23:03:47 5320000
2016/03/12 23:04:10 5330000
2016/03/12 23:04:30 5340000
2016/03/12 23:04:53 5350000
2016/03/12 23:05:16 5360000
2016/03/12 23:05:40 5370000
2016/03/12 23:06:03 5380000
2016/03/12 23:06:27 5390000
2016/03/12 23:06:54 5400000
2016/03/12 23:07:24 5410000
2016/03/12 23:07:45 5420000
2016/03/12 23:08:09 5430000
2016/03/12 23:08:34 5440000
2016/03/12 23:08:59 5450000
2016/03/12 23:09:24 5460000
2016/03/12 23:09:47 5470000
2016/03/12 23:10:10 5480000
2016/03/12 23:10:36 5490000
2016/03/12 23:10:59 5500000
2016/03/12 23:11:21 5510000
2016/03/12 23:11:44 5520000
2016/03/12 23:12:09 5530000
2016/03/12 23:12:31 5540000
2016/03/12 23:12:56 5550000
2016/03/12 23:13:18 5560000
2016/03/12 23:13:40 5570000
2016/03/12 23:14:04 5580000
2016/03/12 23:14:25 5590000
2016/03/12 23:14:52 5600000
2016/03/12 23:15:13 5610000
2016/03/12 23:15:38 5620000
2016/03/12 23:16:00 5630000
2016/03/12 23:16:25 5640000
2016/03/12 23:16:47 5650000
2016/03/12 23:17:11 5660000
2016/03/12 23:17:35 5670000
2016/03/12 23:18:00 5680000
2016/03/12 23:18:25 5690000
2016/03/12 23:18:51 5700000
2016/03/12 23:19:15 5710000
2016/03/12 23:19:39 5720000
2016/03/12 23:20:04 5730000
2016/03/12 23:20:29 5740000
2016/03/12 23:20:52 5750000
2016/03/12 23:21:15 5760000
2016/03/12 23:21:38 5770000
2016/03/12 23:21:59 5780000
2016/03/12 23:22:24 5790000
2016/03/12 23:22:46 5800000
2016/03/12 23:23:10 5810000
2016/03/12 23:23:35 5820000
2016/03/12 23:24:01 5830000
2016/03/12 23:24:24 5840000
2016/03/12 23:24:49 5850000
2016/03/12 23:25:12 5860000
2016/03/12 23:25:38 5870000
2016/03/12 23:26:03 5880000
2016/03/12 23:26:26 5890000
2016/03/12 23:26:48 5900000
2016/03/12 23:27:14 5910000
2016/03/12 23:27:44 5920000
2016/03/12 23:28:12 5930000
2016/03/12 23:28:42 5940000
2016/03/12 23:29:10 5950000
2016/03/12 23:29:32 5960000
2016/03/12 23:29:55 5970000
2016/03/12 23:30:21 5980000
2016/03/12 23:30:42 5990000
2016/03/12 23:31:04 6000000
2016/03/12 23:31:26 6010000
2016/03/12 23:31:49 6020000
2016/03/12 23:32:13 6030000
2016/03/12 23:32:36 6040000
2016/03/12 23:33:00 6050000
2016/03/12 23:33:28 6060000
2016/03/12 23:33:53 6070000
2016/03/12 23:34:16 6080000
2016/03/12 23:34:37 6090000
2016/03/12 23:35:01 6100000
2016/03/12 23:35:25 6110000
2016/03/12 23:35:48 6120000
2016/03/12 23:36:11 6130000
2016/03/12 23:36:33 6140000
2016/03/12 23:36:58 6150000
2016/03/12 23:37:22 6160000
2016/03/12 23:37:44 6170000
2016/03/12 23:38:10 6180000
2016/03/12 23:38:32 6190000
2016/03/12 23:38:56 6200000
2016/03/12 23:39:18 6210000
2016/03/12 23:39:45 6220000
2016/03/12 23:40:10 6230000
2016/03/12 23:40:31 6240000
2016/03/12 23:40:54 6250000
2016/03/12 23:41:18 6260000
2016/03/12 23:41:41 6270000
2016/03/12 23:42:07 6280000
2016/03/12 23:42:31 6290000
2016/03/12 23:42:54 6300000
2016/03/12 23:43:17 6310000
2016/03/12 23:43:39 6320000
2016/03/12 23:44:02 6330000
2016/03/12 23:44:26 6340000
2016/03/12 23:44:50 6350000
2016/03/12 23:45:14 6360000
2016/03/12 23:45:38 6370000
2016/03/12 23:46:02 6380000
2016/03/12 23:46:25 6390000
2016/03/12 23:46:52 6400000
2016/03/12 23:47:14 6410000
2016/03/12 23:47:38 6420000
2016/03/12 23:48:02 6430000
2016/03/12 23:48:29 6440000
2016/03/12 23:48:54 6450000
2016/03/12 23:49:17 6460000
2016/03/12 23:49:39 6470000
2016/03/12 23:50:05 6480000
2016/03/12 23:50:29 6490000
2016/03/12 23:50:54 6500000
2016/03/12 23:51:17 6510000
2016/03/12 23:51:42 6520000
2016/03/12 23:52:06 6530000
2016/03/12 23:52:31 6540000
2016/03/12 23:52:57 6550000
2016/03/12 23:53:20 6560000
2016/03/12 23:53:45 6570000
2016/03/12 23:54:12 6580000
2016/03/12 23:54:34 6590000
2016/03/12 23:54:58 6600000
2016/03/12 23:55:22 6610000
2016/03/12 23:55:45 6620000
2016/03/12 23:56:09 6630000
2016/03/12 23:56:33 6640000
2016/03/12 23:56:57 6650000
2016/03/12 23:57:24 6660000
2016/03/12 23:57:49 6670000
2016/03/12 23:58:11 6680000
2016/03/12 23:58:35 6690000
2016/03/12 23:59:01 6700000
2016/03/12 23:59:26 6710000
2016/03/12 23:59:55 6720000
2016/03/13 00:00:20 6730000
2016/03/13 00:00:43 6740000
2016/03/13 00:01:08 6750000
2016/03/13 00:01:31 6760000
2016/03/13 00:01:55 6770000
2016/03/13 00:02:17 6780000
2016/03/13 00:02:42 6790000
2016/03/13 00:03:06 6800000
2016/03/13 00:03:27 6810000
2016/03/13 00:03:54 6820000
2016/03/13 00:04:17 6830000
2016/03/13 00:04:38 6840000
2016/03/13 00:05:01 6850000
2016/03/13 00:05:23 6860000
2016/03/13 00:05:45 6870000
2016/03/13 00:06:11 6880000
2016/03/13 00:06:37 6890000
2016/03/13 00:06:59 6900000
2016/03/13 00:07:21 6910000
2016/03/13 00:07:45 6920000
2016/03/13 00:08:10 6930000
2016/03/13 00:08:31 6940000
2016/03/13 00:08:57 6950000
2016/03/13 00:09:21 6960000
2016/03/13 00:09:42 6970000
2016/03/13 00:10:08 6980000
2016/03/13 00:10:32 6990000
2016/03/13 00:10:54 7000000
2016/03/13 00:11:18 7010000
2016/03/13 00:11:42 7020000
2016/03/13 00:12:07 7030000
2016/03/13 00:12:30 7040000
2016/03/13 00:12:55 7050000
2016/03/13 00:13:20 7060000
2016/03/13 00:13:44 7070000
2016/03/13 00:14:07 7080000
2016/03/13 00:14:32 7090000
2016/03/13 00:15:00 7100000
2016/03/13 00:15:26 7110000
2016/03/13 00:15:51 7120000
2016/03/13 00:16:13 7130000
2016/03/13 00:16:37 7140000
2016/03/13 00:17:04 7150000
2016/03/13 00:17:26 7160000
2016/03/13 00:17:49 7170000
2016/03/13 00:18:14 7180000
2016/03/13 00:18:38 7190000
2016/03/13 00:19:00 7200000
2016/03/13 00:19:27 7210000
2016/03/13 00:19:51 7220000
2016/03/13 00:20:16 7230000
2016/03/13 00:20:42 7240000
2016/03/13 00:21:09 7250000
2016/03/13 00:21:33 7260000
2016/03/13 00:22:01 7270000
2016/03/13 00:22:26 7280000
2016/03/13 00:22:51 7290000
2016/03/13 00:23:20 7300000
2016/03/13 00:23:45 7310000
2016/03/13 00:24:09 7320000
2016/03/13 00:24:31 7330000
2016/03/13 00:24:58 7340000
2016/03/13 00:25:25 7350000
2016/03/13 00:25:48 7360000
2016/03/13 00:26:16 7370000
2016/03/13 00:26:40 7380000
2016/03/13 00:27:02 7390000
2016/03/13 00:27:24 7400000
2016/03/13 00:27:50 7410000
2016/03/13 00:28:16 7420000
2016/03/13 00:28:41 7430000
2016/03/13 00:29:06 7440000
2016/03/13 00:29:32 7450000
2016/03/13 00:29:57 7460000
2016/03/13 00:30:21 7470000
2016/03/13 00:30:44 7480000
2016/03/13 00:31:09 7490000
2016/03/13 00:31:33 7500000
2016/03/13 00:31:59 7510000
2016/03/13 00:32:24 7520000
2016/03/13 00:32:46 7530000
2016/03/13 00:33:11 7540000
2016/03/13 00:33:37 7550000
2016/03/13 00:34:02 7560000
2016/03/13 00:34:27 7570000
2016/03/13 00:34:52 7580000
2016/03/13 00:35:17 7590000
2016/03/13 00:35:41 7600000
2016/03/13 00:36:07 7610000
2016/03/13 00:36:31 7620000
2016/03/13 00:36:56 7630000
2016/03/13 00:37:19 7640000
2016/03/13 00:37:46 7650000
2016/03/13 00:38:13 7660000
2016/03/13 00:38:38 7670000
2016/03/13 00:39:05 7680000
2016/03/13 00:39:30 7690000
2016/03/13 00:39:58 7700000
2016/03/13 00:40:21 7710000
2016/03/13 00:40:46 7720000
2016/03/13 00:41:13 7730000
2016/03/13 00:41:39 7740000
2016/03/13 00:42:05 7750000
2016/03/13 00:42:29 7760000
2016/03/13 00:42:55 7770000
2016/03/13 00:43:22 7780000
2016/03/13 00:43:49 7790000
2016/03/13 00:44:12 7800000
2016/03/13 00:44:39 7810000
2016/03/13 00:45:04 7820000
2016/03/13 00:45:26 7830000
2016/03/13 00:45:51 7840000
2016/03/13 00:46:14 7850000
2016/03/13 00:46:43 7860000
2016/03/13 00:47:06 7870000
2016/03/13 00:47:28 7880000
2016/03/13 00:47:54 7890000
2016/03/13 00:48:19 7900000
2016/03/13 00:48:46 7910000
2016/03/13 00:49:13 7920000
2016/03/13 00:49:37 7930000
2016/03/13 00:50:02 7940000
2016/03/13 00:50:26 7950000
2016/03/13 00:50:52 7960000
2016/03/13 00:51:19 7970000
2016/03/13 00:51:44 7980000
2016/03/13 00:52:09 7990000
2016/03/13 00:52:35 8000000
2016/03/13 00:53:01 8010000
2016/03/13 00:53:26 8020000
2016/03/13 00:53:53 8030000
2016/03/13 00:54:17 8040000
2016/03/13 00:54:40 8050000
2016/03/13 00:55:00 8060000
2016/03/13 00:55:26 8070000
2016/03/13 00:55:52 8080000
2016/03/13 00:56:17 8090000
2016/03/13 00:56:40 8100000
2016/03/13 00:57:04 8110000
2016/03/13 00:57:29 8120000
2016/03/13 00:57:55 8130000
2016/03/13 00:58:19 8140000
2016/03/13 00:58:44 8150000
2016/03/13 00:59:10 8160000
2016/03/13 00:59:34 8170000
2016/03/13 01:00:00 8180000
2016/03/13 01:00:24 8190000
2016/03/13 01:00:47 8200000
2016/03/13 01:01:13 8210000
2016/03/13 01:01:38 8220000
2016/03/13 01:02:02 8230000
2016/03/13 01:02:26 8240000
2016/03/13 01:02:54 8250000
2016/03/13 01:03:25 8260000
2016/03/13 01:03:47 8270000
2016/03/13 01:04:12 8280000
2016/03/13 01:04:38 8290000
2016/03/13 01:05:02 8300000
2016/03/13 01:05:34 8310000
2016/03/13 01:05:59 8320000
2016/03/13 01:06:27 8330000
2016/03/13 01:06:56 8340000
2016/03/13 01:07:20 8350000
2016/03/13 01:07:49 8360000
2016/03/13 01:08:16 8370000
2016/03/13 01:08:44 8380000
2016/03/13 01:09:11 8390000
2016/03/13 01:09:36 8400000
2016/03/13 01:10:03 8410000
2016/03/13 01:10:28 8420000
2016/03/13 01:10:55 8430000
2016/03/13 01:11:19 8440000
2016/03/13 01:11:45 8450000
2016/03/13 01:12:11 8460000
2016/03/13 01:12:37 8470000
2016/03/13 01:13:02 8480000
2016/03/13 01:13:29 8490000
2016/03/13 01:13:54 8500000
2016/03/13 01:14:16 8510000
2016/03/13 01:14:41 8520000
2016/03/13 01:15:07 8530000
2016/03/13 01:15:32 8540000
2016/03/13 01:15:57 8550000
2016/03/13 01:16:22 8560000
2016/03/13 01:16:47 8570000
2016/03/13 01:17:15 8580000
2016/03/13 01:17:41 8590000
2016/03/13 01:18:06 8600000
2016/03/13 01:18:29 8610000
2016/03/13 01:18:50 8620000
2016/03/13 01:19:15 8630000
2016/03/13 01:19:42 8640000
2016/03/13 01:20:09 8650000
2016/03/13 01:20:35 8660000
2016/03/13 01:20:59 8670000
2016/03/13 01:21:25 8680000
2016/03/13 01:21:51 8690000
2016/03/13 01:22:19 8700000
2016/03/13 01:22:45 8710000
2016/03/13 01:23:09 8720000
2016/03/13 01:23:35 8730000
2016/03/13 01:23:59 8740000
2016/03/13 01:24:21 8750000
2016/03/13 01:24:46 8760000
2016/03/13 01:25:09 8770000
2016/03/13 01:25:32 8780000
2016/03/13 01:25:59 8790000
2016/03/13 01:26:25 8800000
2016/03/13 01:26:52 8810000
2016/03/13 01:27:16 8820000
2016/03/13 01:27:40 8830000
2016/03/13 01:28:08 8840000
2016/03/13 01:28:30 8850000
2016/03/13 01:28:54 8860000
2016/03/13 01:29:17 8870000
2016/03/13 01:29:40 8880000
2016/03/13 01:30:08 8890000
2016/03/13 01:30:30 8900000
2016/03/13 01:30:57 8910000
2016/03/13 01:31:25 8920000
2016/03/13 01:31:51 8930000
2016/03/13 01:32:16 8940000
2016/03/13 01:32:40 8950000
2016/03/13 01:33:05 8960000
2016/03/13 01:33:29 8970000
2016/03/13 01:33:52 8980000
2016/03/13 01:34:14 8990000
2016/03/13 01:34:37 9000000
2016/03/13 01:35:01 9010000
2016/03/13 01:35:27 9020000
2016/03/13 01:35:55 9030000
2016/03/13 01:36:20 9040000
2016/03/13 01:36:47 9050000
2016/03/13 01:37:13 9060000
2016/03/13 01:37:38 9070000
2016/03/13 01:38:05 9080000
2016/03/13 01:38:29 9090000
2016/03/13 01:38:54 9100000
2016/03/13 01:39:18 9110000
2016/03/13 01:39:44 9120000
2016/03/13 01:40:10 9130000
2016/03/13 01:40:37 9140000
2016/03/13 01:41:02 9150000
2016/03/13 01:41:27 9160000
2016/03/13 01:41:53 9170000
2016/03/13 01:42:18 9180000
2016/03/13 01:42:46 9190000
2016/03/13 01:43:09 9200000
2016/03/13 01:43:32 9210000
2016/03/13 01:44:00 9220000
2016/03/13 01:44:24 9230000
2016/03/13 01:44:50 9240000
2016/03/13 01:45:17 9250000
2016/03/13 01:45:40 9260000
2016/03/13 01:46:06 9270000
2016/03/13 01:46:32 9280000
2016/03/13 01:47:00 9290000
2016/03/13 01:47:25 9300000
2016/03/13 01:47:48 9310000
2016/03/13 01:48:13 9320000
2016/03/13 01:48:40 9330000
2016/03/13 01:49:11 9340000
2016/03/13 01:49:37 9350000
2016/03/13 01:50:02 9360000
2016/03/13 01:50:29 9370000
2016/03/13 01:50:55 9380000
2016/03/13 01:51:18 9390000
2016/03/13 01:51:44 9400000
2016/03/13 01:52:10 9410000
2016/03/13 01:52:37 9420000
2016/03/13 01:53:02 9430000
2016/03/13 01:53:28 9440000
2016/03/13 01:53:55 9450000
2016/03/13 01:54:20 9460000
2016/03/13 01:54:44 9470000
2016/03/13 01:55:09 9480000
2016/03/13 01:55:34 9490000
2016/03/13 01:56:01 9500000
2016/03/13 01:56:27 9510000
2016/03/13 01:56:52 9520000
2016/03/13 01:57:18 9530000
2016/03/13 01:57:42 9540000
2016/03/13 01:58:09 9550000
2016/03/13 01:58:34 9560000
2016/03/13 01:58:58 9570000
2016/03/13 01:59:22 9580000
2016/03/13 01:59:43 9590000
2016/03/13 03:00:09 9600000
2016/03/13 03:00:32 9610000
2016/03/13 03:00:59 9620000
2016/03/13 03:01:26 9630000
2016/03/13 03:01:52 9640000
2016/03/13 03:02:15 9650000
2016/03/13 03:02:39 9660000
2016/03/13 03:03:06 9670000
2016/03/13 03:03:34 9680000
2016/03/13 03:03:58 9690000
2016/03/13 03:04:23 9700000
2016/03/13 03:04:47 9710000
2016/03/13 03:05:12 9720000
2016/03/13 03:05:34 9730000
2016/03/13 03:06:02 9740000
2016/03/13 03:06:27 9750000
2016/03/13 03:06:54 9760000
2016/03/13 03:07:25 9770000
2016/03/13 03:07:55 9780000
2016/03/13 03:08:18 9790000
2016/03/13 03:08:45 9800000
2016/03/13 03:09:13 9810000
2016/03/13 03:09:39 9820000
2016/03/13 03:10:04 9830000
2016/03/13 03:10:28 9840000
2016/03/13 03:10:56 9850000
2016/03/13 03:11:20 9860000
2016/03/13 03:11:45 9870000
2016/03/13 03:12:13 9880000
2016/03/13 03:12:39 9890000
2016/03/13 03:13:08 9900000
2016/03/13 03:13:33 9910000
2016/03/13 03:13:56 9920000
2016/03/13 03:14:22 9930000
2016/03/13 03:14:47 9940000
2016/03/13 03:15:14 9950000
2016/03/13 03:15:35 9960000
2016/03/13 03:15:58 9970000
2016/03/13 03:16:25 9980000
2016/03/13 03:16:50 9990000
2016/03/13 03:17:14 10000000
2016/03/13 03:17:42 10010000
2016/03/13 03:18:06 10020000
2016/03/13 03:18:35 10030000
2016/03/13 03:19:03 10040000
2016/03/13 03:19:31 10050000
2016/03/13 03:19:57 10060000
2016/03/13 03:20:21 10070000
2016/03/13 03:20:46 10080000
2016/03/13 03:21:11 10090000
2016/03/13 03:21:36 10100000
2016/03/13 03:22:01 10110000
2016/03/13 03:22:25 10120000
2016/03/13 03:22:53 10130000
2016/03/13 03:23:18 10140000
2016/03/13 03:23:44 10150000
2016/03/13 03:24:12 10160000
2016/03/13 03:24:36 10170000
2016/03/13 03:25:02 10180000
2016/03/13 03:25:27 10190000
2016/03/13 03:25:50 10200000
2016/03/13 03:26:18 10210000
2016/03/13 03:26:45 10220000
2016/03/13 03:27:12 10230000
2016/03/13 03:27:40 10240000
2016/03/13 03:28:03 10250000
2016/03/13 03:28:29 10260000
2016/03/13 03:28:56 10270000
2016/03/13 03:29:20 10280000
2016/03/13 03:29:47 10290000
2016/03/13 03:30:16 10300000
2016/03/13 03:30:44 10310000
2016/03/13 03:31:12 10320000
2016/03/13 03:31:37 10330000
2016/03/13 03:32:06 10340000
2016/03/13 03:32:36 10350000
2016/03/13 03:33:03 10360000
2016/03/13 03:33:32 10370000
2016/03/13 03:33:59 10380000
2016/03/13 03:34:29 10390000
2016/03/13 03:34:57 10400000
2016/03/13 03:35:32 10410000
2016/03/13 03:36:01 10420000
2016/03/13 03:36:26 10430000
2016/03/13 03:36:54 10440000
2016/03/13 03:37:17 10450000
2016/03/13 03:37:49 10460000
2016/03/13 03:38:15 10470000
2016/03/13 03:38:41 10480000
2016/03/13 03:39:09 10490000
2016/03/13 03:39:32 10500000
2016/03/13 03:40:03 10510000
2016/03/13 03:40:30 10520000
2016/03/13 03:40:56 10530000
2016/03/13 03:41:21 10540000
2016/03/13 03:41:45 10550000
2016/03/13 03:42:09 10560000
2016/03/13 03:42:35 10570000
2016/03/13 03:43:03 10580000
2016/03/13 03:43:30 10590000
2016/03/13 03:43:58 10600000
2016/03/13 03:44:26 10610000
2016/03/13 03:44:55 10620000
2016/03/13 03:45:22 10630000
2016/03/13 03:45:48 10640000
2016/03/13 03:46:11 10650000
2016/03/13 03:46:40 10660000
2016/03/13 03:47:05 10670000
2016/03/13 03:47:30 10680000
2016/03/13 03:47:56 10690000
2016/03/13 03:48:21 10700000
2016/03/13 03:48:47 10710000
2016/03/13 03:49:14 10720000
2016/03/13 03:49:41 10730000
2016/03/13 03:50:07 10740000
2016/03/13 03:50:30 10750000
2016/03/13 03:50:58 10760000
2016/03/13 03:51:25 10770000
2016/03/13 03:51:52 10780000
2016/03/13 03:52:18 10790000
2016/03/13 03:52:45 10800000
2016/03/13 03:53:08 10810000
2016/03/13 03:53:29 10820000
2016/03/13 03:53:55 10830000
2016/03/13 03:54:16 10840000
2016/03/13 03:54:40 10850000
2016/03/13 03:55:07 10860000
2016/03/13 03:55:32 10870000
2016/03/13 03:56:00 10880000
2016/03/13 03:56:26 10890000
2016/03/13 03:56:52 10900000
2016/03/13 03:57:16 10910000
2016/03/13 03:57:41 10920000
2016/03/13 03:58:09 10930000
2016/03/13 03:58:37 10940000
2016/03/13 03:59:05 10950000
2016/03/13 03:59:33 10960000
2016/03/13 04:00:01 10970000
2016/03/13 04:00:30 10980000
2016/03/13 04:00:55 10990000
2016/03/13 04:01:24 11000000
2016/03/13 04:01:49 11010000
2016/03/13 04:02:13 11020000
2016/03/13 04:02:36 11030000
2016/03/13 04:03:02 11040000
2016/03/13 04:03:27 11050000
2016/03/13 04:03:51 11060000
2016/03/13 04:04:14 11070000
2016/03/13 04:04:41 11080000
2016/03/13 04:05:06 11090000
2016/03/13 04:05:32 11100000
2016/03/13 04:05:59 11110000
2016/03/13 04:06:26 11120000
2016/03/13 04:06:55 11130000
2016/03/13 04:07:25 11140000
2016/03/13 04:07:55 11150000
2016/03/13 04:08:19 11160000
2016/03/13 04:08:46 11170000
2016/03/13 04:09:16 11180000
2016/03/13 04:09:42 11190000
2016/03/13 04:10:07 11200000
2016/03/13 04:10:31 11210000
2016/03/13 04:10:59 11220000
2016/03/13 04:11:26 11230000
2016/03/13 04:11:50 11240000
2016/03/13 04:12:19 11250000
2016/03/13 04:12:46 11260000
2016/03/13 04:13:13 11270000
2016/03/13 04:13:36 11280000
2016/03/13 04:14:01 11290000
2016/03/13 04:14:27 11300000
2016/03/13 04:14:54 11310000
2016/03/13 04:15:17 11320000
2016/03/13 04:15:42 11330000
2016/03/13 04:16:07 11340000
2016/03/13 04:16:35 11350000
2016/03/13 04:17:01 11360000
2016/03/13 04:17:28 11370000
2016/03/13 04:17:57 11380000
2016/03/13 04:18:28 11390000
2016/03/13 04:18:56 11400000
2016/03/13 04:19:21 11410000
2016/03/13 04:19:50 11420000
2016/03/13 04:20:15 11430000
2016/03/13 04:20:43 11440000
2016/03/13 04:21:10 11450000
2016/03/13 04:21:39 11460000
2016/03/13 04:22:05 11470000
2016/03/13 04:22:32 11480000
2016/03/13 04:23:01 11490000
2016/03/13 04:23:27 11500000
2016/03/13 04:23:56 11510000
2016/03/13 04:24:21 11520000
2016/03/13 04:24:50 11530000
2016/03/13 04:25:19 11540000
2016/03/13 04:25:46 11550000
2016/03/13 04:26:14 11560000
2016/03/13 04:26:42 11570000
2016/03/13 04:27:10 11580000
2016/03/13 04:27:34 11590000
2016/03/13 04:28:01 11600000
2016/03/13 04:28:32 11610000
2016/03/13 04:28:58 11620000
2016/03/13 04:29:20 11630000
2016/03/13 04:29:43 11640000
2016/03/13 04:30:10 11650000
2016/03/13 04:30:32 11660000
2016/03/13 04:31:00 11670000
2016/03/13 04:31:24 11680000
2016/03/13 04:31:47 11690000
2016/03/13 04:32:13 11700000
2016/03/13 04:32:35 11710000
2016/03/13 04:32:59 11720000
2016/03/13 04:33:25 11730000
2016/03/13 04:33:54 11740000
2016/03/13 04:34:19 11750000
2016/03/13 04:34:44 11760000
2016/03/13 04:35:14 11770000
2016/03/13 04:35:40 11780000
2016/03/13 04:36:03 11790000
2016/03/13 04:36:30 11800000
2016/03/13 04:36:58 11810000
2016/03/13 04:37:28 11820000
2016/03/13 04:37:56 11830000
2016/03/13 04:38:25 11840000
2016/03/13 04:38:54 11850000
2016/03/13 04:39:21 11860000
2016/03/13 04:39:48 11870000
2016/03/13 04:40:16 11880000
2016/03/13 04:40:42 11890000
2016/03/13 04:41:09 11900000
2016/03/13 04:41:33 11910000
2016/03/13 04:41:59 11920000
2016/03/13 04:42:23 11930000
2016/03/13 04:42:46 11940000
2016/03/13 04:43:10 11950000
2016/03/13 04:43:36 11960000
2016/03/13 04:44:02 11970000
2016/03/13 04:44:29 11980000
2016/03/13 04:44:55 11990000
2016/03/13 04:45:23 12000000
2016/03/13 04:45:51 12010000
2016/03/13 04:46:19 12020000
2016/03/13 04:46:47 12030000
2016/03/13 04:47:11 12040000
2016/03/13 04:47:40 12050000
2016/03/13 04:48:11 12060000
2016/03/13 04:48:43 12070000
2016/03/13 04:49:12 12080000
2016/03/13 04:49:37 12090000
2016/03/13 04:50:04 12100000
2016/03/13 04:50:33 12110000
2016/03/13 04:51:00 12120000
2016/03/13 04:51:36 12130000
2016/03/13 04:52:11 12140000
2016/03/13 04:52:44 12150000
2016/03/13 04:53:16 12160000
2016/03/13 04:53:47 12170000
2016/03/13 04:54:13 12180000
2016/03/13 04:54:42 12190000
2016/03/13 04:55:05 12200000
2016/03/13 04:55:32 12210000
2016/03/13 04:55:59 12220000
2016/03/13 04:56:25 12230000
2016/03/13 04:56:55 12240000
2016/03/13 04:57:19 12250000
2016/03/13 04:57:44 12260000
2016/03/13 04:58:11 12270000
2016/03/13 04:58:40 12280000
2016/03/13 04:59:09 12290000
2016/03/13 04:59:34 12300000
2016/03/13 05:00:03 12310000
2016/03/13 05:00:29 12320000
2016/03/13 05:00:54 12330000
2016/03/13 05:01:17 12340000
2016/03/13 05:01:44 12350000
2016/03/13 05:02:11 12360000
2016/03/13 05:02:36 12370000
2016/03/13 05:03:04 12380000
2016/03/13 05:03:32 12390000
2016/03/13 05:03:56 12400000
2016/03/13 05:04:19 12410000
2016/03/13 05:04:45 12420000
2016/03/13 05:05:09 12430000
2016/03/13 05:05:35 12440000
2016/03/13 05:06:03 12450000
2016/03/13 05:06:31 12460000
2016/03/13 05:06:58 12470000
2016/03/13 05:07:26 12480000
2016/03/13 05:07:51 12490000
2016/03/13 05:08:18 12500000
2016/03/13 05:08:42 12510000
2016/03/13 05:09:10 12520000
2016/03/13 05:09:34 12530000
2016/03/13 05:10:01 12540000
2016/03/13 05:10:28 12550000
2016/03/13 05:10:56 12560000
2016/03/13 05:11:22 12570000
2016/03/13 05:11:50 12580000
2016/03/13 05:12:14 12590000
2016/03/13 05:12:42 12600000
2016/03/13 05:13:07 12610000
2016/03/13 05:13:34 12620000
2016/03/13 05:14:02 12630000
2016/03/13 05:14:29 12640000
2016/03/13 05:14:56 12650000
2016/03/13 05:15:23 12660000
2016/03/13 05:15:50 12670000
2016/03/13 05:16:22 12680000
2016/03/13 05:16:50 12690000
2016/03/13 05:17:16 12700000
2016/03/13 05:17:42 12710000
2016/03/13 05:18:13 12720000
2016/03/13 05:18:36 12730000
2016/03/13 05:19:03 12740000
2016/03/13 05:19:33 12750000
2016/03/13 05:20:00 12760000
2016/03/13 05:20:24 12770000
2016/03/13 05:20:54 12780000
2016/03/13 05:21:21 12790000
2016/03/13 05:21:44 12800000
2016/03/13 05:22:10 12810000
2016/03/13 05:22:34 12820000
2016/03/13 05:22:59 12830000
2016/03/13 05:23:26 12840000
2016/03/13 05:23:53 12850000
2016/03/13 05:24:20 12860000
2016/03/13 05:24:48 12870000
2016/03/13 05:25:15 12880000
2016/03/13 05:25:40 12890000
2016/03/13 05:26:06 12900000
2016/03/13 05:26:35 12910000
2016/03/13 05:27:03 12920000
2016/03/13 05:27:30 12930000
2016/03/13 05:27:57 12940000
2016/03/13 05:28:25 12950000
2016/03/13 05:28:50 12960000
2016/03/13 05:29:15 12970000
2016/03/13 05:29:44 12980000
2016/03/13 05:30:12 12990000
2016/03/13 05:30:40 13000000
2016/03/13 05:31:08 13010000
2016/03/13 05:31:33 13020000
2016/03/13 05:32:00 13030000
2016/03/13 05:32:28 13040000
2016/03/13 05:32:54 13050000
2016/03/13 05:33:22 13060000
2016/03/13 05:33:48 13070000
2016/03/13 05:34:18 13080000
2016/03/13 05:34:46 13090000
2016/03/13 05:35:16 13100000
2016/03/13 05:35:43 13110000
2016/03/13 05:36:07 13120000
2016/03/13 05:36:36 13130000
2016/03/13 05:37:04 13140000
2016/03/13 05:37:34 13150000
2016/03/13 05:38:02 13160000
2016/03/13 05:38:29 13170000
2016/03/13 05:38:59 13180000
2016/03/13 05:39:22 13190000
2016/03/13 05:39:49 13200000
2016/03/13 05:40:15 13210000
2016/03/13 05:40:43 13220000
2016/03/13 05:41:12 13230000
2016/03/13 05:41:36 13240000
2016/03/13 05:42:07 13250000
2016/03/13 05:42:32 13260000
2016/03/13 05:43:01 13270000
2016/03/13 05:43:27 13280000
2016/03/13 05:43:52 13290000
2016/03/13 05:44:22 13300000
2016/03/13 05:44:51 13310000
2016/03/13 05:45:17 13320000
2016/03/13 05:45:46 13330000
2016/03/13 05:46:13 13340000
2016/03/13 05:46:42 13350000
2016/03/13 05:47:05 13360000
2016/03/13 05:47:31 13370000
2016/03/13 05:48:02 13380000
2016/03/13 05:48:29 13390000
2016/03/13 05:48:57 13400000
2016/03/13 05:49:24 13410000
2016/03/13 05:49:50 13420000
2016/03/13 05:50:19 13430000
2016/03/13 05:50:44 13440000
2016/03/13 05:51:13 13450000
2016/03/13 05:51:44 13460000
2016/03/13 05:52:15 13470000
2016/03/13 05:52:41 13480000
2016/03/13 05:53:08 13490000
2016/03/13 05:53:34 13500000
2016/03/13 05:54:01 13510000
2016/03/13 05:54:27 13520000
2016/03/13 05:54:54 13530000
2016/03/13 05:55:20 13540000
2016/03/13 05:55:48 13550000
2016/03/13 05:56:20 13560000
2016/03/13 05:56:47 13570000
2016/03/13 05:57:14 13580000
2016/03/13 05:57:41 13590000
2016/03/13 05:58:12 13600000
2016/03/13 05:58:37 13610000
2016/03/13 05:59:03 13620000
2016/03/13 05:59:29 13630000
2016/03/13 05:59:52 13640000
2016/03/13 06:00:19 13650000
2016/03/13 06:00:44 13660000
2016/03/13 06:01:10 13670000
2016/03/13 06:01:41 13680000
2016/03/13 06:02:08 13690000
2016/03/13 06:02:34 13700000
2016/03/13 06:03:01 13710000
2016/03/13 06:03:31 13720000
2016/03/13 06:03:58 13730000
2016/03/13 06:04:23 13740000
2016/03/13 06:04:51 13750000
2016/03/13 06:05:19 13760000
2016/03/13 06:05:47 13770000
2016/03/13 06:06:17 13780000
2016/03/13 06:06:41 13790000
2016/03/13 06:07:10 13800000
2016/03/13 06:07:35 13810000
2016/03/13 06:08:03 13820000
2016/03/13 06:08:30 13830000
2016/03/13 06:08:58 13840000
2016/03/13 06:09:27 13850000
2016/03/13 06:09:54 13860000
2016/03/13 06:10:23 13870000
2016/03/13 06:10:50 13880000
2016/03/13 06:11:17 13890000
2016/03/13 06:11:45 13900000
2016/03/13 06:12:16 13910000
2016/03/13 06:12:45 13920000
2016/03/13 06:13:15 13930000
2016/03/13 06:13:44 13940000
2016/03/13 06:14:13 13950000
2016/03/13 06:14:41 13960000
2016/03/13 06:15:10 13970000
2016/03/13 06:15:36 13980000
2016/03/13 06:16:01 13990000
2016/03/13 06:16:27 14000000
2016/03/13 06:16:57 14010000
2016/03/13 06:17:26 14020000
2016/03/13 06:17:54 14030000
2016/03/13 06:18:20 14040000
2016/03/13 06:19:11 14050000
2016/03/13 06:19:43 14060000
2016/03/13 06:20:10 14070000
2016/03/13 06:20:36 14080000
2016/03/13 06:20:57 ClientError|[Cluster] all retries exhausted and/or no nodes available to execute command|InnerError|read tcp 192.241.197.154:50128->198.199.109.100:8087: i/o timeout
2016/03/13 06:20:57 ERROR sleeping 14081628
2016/03/13 06:21:03 ClientError|[Cluster] all retries exhausted and/or no nodes available to execute command|InnerError|read tcp 192.241.197.154:50136->198.199.109.100:8087: i/o timeout
2016/03/13 06:21:03 ERROR sleeping 14081970
2016/03/13 06:21:26 14090000
2016/03/13 06:21:58 14100000
2016/03/13 06:22:26 14110000
2016/03/13 06:22:51 14120000
2016/03/13 06:23:20 14130000
2016/03/13 06:23:50 14140000
2016/03/13 06:24:19 14150000
2016/03/13 06:24:48 14160000
2016/03/13 06:25:24 14170000
2016/03/13 06:25:55 14180000
2016/03/13 06:26:27 14190000
2016/03/13 06:26:55 14200000
2016/03/13 06:27:25 14210000
2016/03/13 06:27:53 14220000
2016/03/13 06:28:20 14230000
2016/03/13 06:28:47 14240000
2016/03/13 06:29:14 14250000
2016/03/13 06:29:48 14260000
2016/03/13 06:30:19 14270000
2016/03/13 06:30:58 14280000
2016/03/13 06:31:22 14290000
2016/03/13 06:31:49 14300000
2016/03/13 06:32:14 14310000
2016/03/13 06:32:42 14320000
2016/03/13 06:33:12 14330000
2016/03/13 06:33:37 14340000
2016/03/13 06:34:05 14350000
2016/03/13 06:34:32 14360000
2016/03/13 06:35:02 14370000
2016/03/13 06:35:31 14380000
2016/03/13 06:35:57 14390000
2016/03/13 06:36:26 14400000
2016/03/13 06:36:56 14410000
2016/03/13 06:37:27 14420000
2016/03/13 06:37:55 14430000
2016/03/13 06:38:27 14440000
2016/03/13 06:38:53 14450000
2016/03/13 06:39:20 14460000
2016/03/13 06:39:47 14470000
2016/03/13 06:40:16 14480000
2016/03/13 06:40:43 14490000
2016/03/13 06:41:09 14500000
2016/03/13 06:41:35 14510000
2016/03/13 06:42:03 14520000
2016/03/13 06:42:33 14530000
2016/03/13 06:43:00 14540000
2016/03/13 06:43:31 14550000
2016/03/13 06:43:59 14560000
2016/03/13 06:44:26 14570000
2016/03/13 06:44:49 14580000
2016/03/13 06:45:14 14590000
2016/03/13 06:45:44 14600000
2016/03/13 06:46:15 14610000
2016/03/13 06:46:43 14620000
2016/03/13 06:47:23 14630000
2016/03/13 06:47:49 14640000
2016/03/13 06:48:16 14650000
2016/03/13 06:48:42 14660000
2016/03/13 06:49:09 14670000
2016/03/13 06:49:37 14680000
2016/03/13 06:50:09 14690000
2016/03/13 06:50:37 14700000
2016/03/13 06:51:07 14710000
2016/03/13 06:51:32 14720000
2016/03/13 06:52:01 14730000
2016/03/13 06:52:28 14740000
2016/03/13 06:52:58 14750000
2016/03/13 06:53:31 14760000
2016/03/13 06:53:59 14770000
2016/03/13 06:54:25 14780000
2016/03/13 06:54:52 14790000
2016/03/13 06:55:19 14800000
2016/03/13 06:55:47 14810000
2016/03/13 06:56:17 14820000
2016/03/13 06:56:43 14830000
2016/03/13 06:57:08 14840000
2016/03/13 06:57:33 14850000
2016/03/13 06:57:59 14860000
2016/03/13 06:58:30 14870000
2016/03/13 06:58:59 14880000
2016/03/13 06:59:25 14890000
2016/03/13 06:59:52 14900000
2016/03/13 07:00:18 14910000
2016/03/13 07:00:45 14920000
2016/03/13 07:01:14 14930000
2016/03/13 07:01:44 14940000
2016/03/13 07:02:11 14950000
2016/03/13 07:02:42 14960000
2016/03/13 07:03:13 14970000
2016/03/13 07:03:44 14980000
2016/03/13 07:04:12 14990000
2016/03/13 07:04:37 15000000
2016/03/13 07:05:07 15010000
2016/03/13 07:05:32 15020000
2016/03/13 07:06:02 15030000
2016/03/13 07:06:30 15040000
2016/03/13 07:06:59 15050000
2016/03/13 07:07:29 15060000
2016/03/13 07:07:58 15070000
2016/03/13 07:08:28 15080000
2016/03/13 07:08:58 15090000
2016/03/13 07:09:28 15100000
2016/03/13 07:09:54 15110000
2016/03/13 07:10:22 15120000
2016/03/13 07:10:54 15130000
2016/03/13 07:11:20 15140000
2016/03/13 07:11:49 15150000
2016/03/13 07:12:15 15160000
2016/03/13 07:12:48 15170000
2016/03/13 07:13:18 15180000
2016/03/13 07:13:47 15190000
2016/03/13 07:14:16 15200000
2016/03/13 07:14:44 15210000
2016/03/13 07:15:14 15220000
2016/03/13 07:15:42 15230000
2016/03/13 07:16:09 15240000
2016/03/13 07:16:39 15250000
2016/03/13 07:17:07 15260000
2016/03/13 07:17:38 15270000
2016/03/13 07:18:08 15280000
2016/03/13 07:18:39 15290000
2016/03/13 07:19:07 15300000
2016/03/13 07:19:32 15310000
2016/03/13 07:19:59 15320000
2016/03/13 07:20:24 15330000
2016/03/13 07:20:52 15340000
2016/03/13 07:21:25 15350000
2016/03/13 07:21:51 15360000
2016/03/13 07:22:22 15370000
2016/03/13 07:22:47 15380000
2016/03/13 07:23:17 15390000
2016/03/13 07:23:47 15400000
2016/03/13 07:24:13 15410000
2016/03/13 07:24:45 15420000
2016/03/13 07:25:11 15430000
2016/03/13 07:25:44 15440000
2016/03/13 07:26:09 15450000
2016/03/13 07:26:38 15460000
2016/03/13 07:27:08 15470000
2016/03/13 07:27:35 15480000
2016/03/13 07:28:04 15490000
2016/03/13 07:28:30 15500000
2016/03/13 07:29:01 15510000
2016/03/13 07:29:30 15520000
2016/03/13 07:29:58 15530000
2016/03/13 07:30:27 15540000
2016/03/13 07:30:55 15550000
2016/03/13 07:31:23 15560000
2016/03/13 07:31:54 15570000
2016/03/13 07:32:23 15580000
2016/03/13 07:32:51 15590000
2016/03/13 07:33:22 15600000
2016/03/13 07:33:50 15610000
2016/03/13 07:34:17 15620000
2016/03/13 07:34:48 15630000
2016/03/13 07:35:17 15640000
2016/03/13 07:35:42 15650000
2016/03/13 07:36:11 15660000
2016/03/13 07:36:38 15670000
2016/03/13 07:37:05 15680000
2016/03/13 07:37:33 15690000
2016/03/13 07:38:00 15700000
2016/03/13 07:38:27 15710000
2016/03/13 07:38:54 15720000
2016/03/13 07:39:21 15730000
2016/03/13 07:39:50 15740000
2016/03/13 07:40:21 15750000
2016/03/13 07:40:50 15760000
2016/03/13 07:41:19 15770000
2016/03/13 07:41:46 15780000
2016/03/13 07:42:13 15790000
2016/03/13 07:42:41 15800000
2016/03/13 07:43:06 15810000
2016/03/13 07:43:35 15820000
2016/03/13 07:44:05 15830000
2016/03/13 07:44:36 15840000
2016/03/13 07:45:07 15850000
2016/03/13 07:45:33 15860000
2016/03/13 07:46:01 15870000
2016/03/13 07:46:30 15880000
2016/03/13 07:46:56 15890000
2016/03/13 07:47:20 15900000
2016/03/13 07:47:48 15910000
2016/03/13 07:48:17 15920000
2016/03/13 07:48:46 15930000
2016/03/13 07:49:15 15940000
2016/03/13 07:49:43 15950000
2016/03/13 07:50:11 15960000
2016/03/13 07:50:39 15970000
2016/03/13 07:51:08 15980000
2016/03/13 07:51:38 15990000
2016/03/13 07:52:03 16000000
2016/03/13 07:52:33 16010000
2016/03/13 07:53:02 16020000
2016/03/13 07:53:27 16030000
2016/03/13 07:53:58 16040000
2016/03/13 07:54:24 16050000
2016/03/13 07:54:49 16060000
2016/03/13 07:55:15 16070000
2016/03/13 07:55:44 16080000
2016/03/13 07:56:14 16090000
2016/03/13 07:56:43 16100000
2016/03/13 07:57:11 16110000
2016/03/13 07:57:39 16120000
2016/03/13 07:58:05 16130000
2016/03/13 07:58:35 16140000
2016/03/13 07:59:03 16150000
2016/03/13 07:59:29 16160000
2016/03/13 07:59:59 16170000
2016/03/13 08:00:24 16180000
2016/03/13 08:00:51 16190000
2016/03/13 08:01:18 16200000
2016/03/13 08:01:48 16210000
2016/03/13 08:02:19 16220000
2016/03/13 08:02:49 16230000
2016/03/13 08:03:19 16240000
2016/03/13 08:03:48 16250000
2016/03/13 08:04:18 16260000
2016/03/13 08:04:47 16270000
2016/03/13 08:05:16 16280000
2016/03/13 08:05:43 16290000
2016/03/13 08:06:11 16300000
2016/03/13 08:06:40 16310000
2016/03/13 08:07:08 16320000
2016/03/13 08:07:36 16330000
2016/03/13 08:08:03 16340000
2016/03/13 08:08:42 16350000
2016/03/13 08:09:20 16360000
2016/03/13 08:09:57 16370000
2016/03/13 08:10:30 16380000
2016/03/13 08:11:05 16390000
2016/03/13 08:11:32 16400000
2016/03/13 08:12:05 16410000
2016/03/13 08:12:33 16420000
2016/03/13 08:13:02 16430000
2016/03/13 08:13:30 16440000
2016/03/13 08:13:57 16450000
2016/03/13 08:14:26 16460000
2016/03/13 08:14:53 16470000
2016/03/13 08:15:18 16480000
2016/03/13 08:15:48 16490000
2016/03/13 08:16:16 16500000
2016/03/13 08:16:42 16510000
2016/03/13 08:17:09 16520000
2016/03/13 08:17:38 16530000
2016/03/13 08:18:06 16540000
2016/03/13 08:18:35 16550000
2016/03/13 08:19:00 16560000
2016/03/13 08:19:29 16570000
2016/03/13 08:20:00 16580000
2016/03/13 08:20:26 16590000
2016/03/13 08:20:56 16600000
2016/03/13 08:21:26 16610000
2016/03/13 08:21:54 16620000
2016/03/13 08:22:20 16630000
2016/03/13 08:22:51 16640000
2016/03/13 08:23:20 16650000
2016/03/13 08:23:53 16660000
2016/03/13 08:24:17 16670000
2016/03/13 08:24:44 16680000
2016/03/13 08:25:15 16690000
2016/03/13 08:25:42 16700000
2016/03/13 08:26:15 16710000
2016/03/13 08:26:41 16720000
2016/03/13 08:27:14 16730000
2016/03/13 08:27:46 16740000
2016/03/13 08:28:15 16750000
2016/03/13 08:28:43 16760000
2016/03/13 08:29:08 16770000
2016/03/13 08:29:37 16780000
2016/03/13 08:30:05 16790000
2016/03/13 08:30:33 16800000
2016/03/13 08:31:04 16810000
2016/03/13 08:31:33 16820000
2016/03/13 08:32:01 16830000
2016/03/13 08:32:29 16840000
2016/03/13 08:33:01 16850000
2016/03/13 08:33:30 16860000
2016/03/13 08:34:02 16870000
2016/03/13 08:34:33 16880000
2016/03/13 08:35:01 16890000
2016/03/13 08:35:27 16900000
2016/03/13 08:35:54 16910000
2016/03/13 08:36:19 16920000
2016/03/13 08:36:47 16930000
2016/03/13 08:37:14 16940000
2016/03/13 08:37:45 16950000
2016/03/13 08:38:18 16960000
2016/03/13 08:38:48 16970000
2016/03/13 08:39:13 16980000
2016/03/13 08:39:40 16990000
2016/03/13 08:40:12 17000000
2016/03/13 08:40:41 17010000
2016/03/13 08:41:10 17020000
2016/03/13 08:41:36 17030000
2016/03/13 08:42:05 17040000
2016/03/13 08:42:33 17050000
2016/03/13 08:43:00 17060000
2016/03/13 08:43:30 17070000
2016/03/13 08:44:02 17080000
2016/03/13 08:44:32 17090000
2016/03/13 08:45:01 17100000
2016/03/13 08:45:28 17110000
2016/03/13 08:45:55 17120000
2016/03/13 08:46:27 17130000
2016/03/13 08:46:56 17140000
2016/03/13 08:47:23 17150000
2016/03/13 08:47:52 17160000
2016/03/13 08:48:19 17170000
2016/03/13 08:48:50 17180000
2016/03/13 08:49:19 17190000
2016/03/13 08:49:49 17200000
2016/03/13 08:50:21 17210000
2016/03/13 08:50:50 17220000
2016/03/13 08:51:21 17230000
2016/03/13 08:51:52 17240000
2016/03/13 08:52:24 17250000
2016/03/13 08:52:57 17260000
2016/03/13 08:53:22 17270000
2016/03/13 08:53:51 17280000
2016/03/13 08:54:23 17290000
2016/03/13 08:54:52 17300000
2016/03/13 08:55:22 17310000
2016/03/13 08:55:55 17320000
2016/03/13 08:56:24 17330000
2016/03/13 08:56:50 17340000
2016/03/13 08:57:25 17350000
2016/03/13 08:57:53 17360000
2016/03/13 08:58:23 17370000
2016/03/13 08:58:54 17380000
2016/03/13 08:59:25 17390000
2016/03/13 08:59:56 17400000
2016/03/13 09:00:24 17410000
2016/03/13 09:00:56 17420000
2016/03/13 09:01:22 17430000
2016/03/13 09:01:55 17440000
2016/03/13 09:02:23 17450000
2016/03/13 09:02:54 17460000
2016/03/13 09:03:27 17470000
2016/03/13 09:03:56 17480000
2016/03/13 09:04:23 17490000
2016/03/13 09:04:55 17500000
2016/03/13 09:05:28 17510000
2016/03/13 09:06:00 17520000
2016/03/13 09:06:31 17530000
2016/03/13 09:07:00 17540000
2016/03/13 09:07:32 17550000
2016/03/13 09:08:00 17560000
2016/03/13 09:08:29 17570000
2016/03/13 09:08:59 17580000
2016/03/13 09:09:28 17590000
2016/03/13 09:09:57 17600000
2016/03/13 09:10:27 17610000
2016/03/13 09:10:59 17620000
2016/03/13 09:11:27 17630000
2016/03/13 09:11:58 17640000
2016/03/13 09:12:30 17650000
2016/03/13 09:13:00 17660000
2016/03/13 09:13:32 17670000
2016/03/13 09:14:04 17680000
2016/03/13 09:14:35 17690000
2016/03/13 09:15:08 17700000
2016/03/13 09:15:38 17710000
2016/03/13 09:16:10 17720000
2016/03/13 09:16:37 17730000
2016/03/13 09:17:06 17740000
2016/03/13 09:17:34 17750000
2016/03/13 09:18:06 17760000
2016/03/13 09:18:37 17770000
2016/03/13 09:19:09 17780000
2016/03/13 09:19:38 17790000
2016/03/13 09:20:06 17800000
2016/03/13 09:20:36 17810000
2016/03/13 09:21:05 17820000
2016/03/13 09:21:37 17830000
2016/03/13 09:22:08 17840000
2016/03/13 09:22:38 17850000
2016/03/13 09:23:07 17860000
2016/03/13 09:23:36 17870000
2016/03/13 09:24:09 17880000
2016/03/13 09:24:38 17890000
2016/03/13 09:25:08 17900000
2016/03/13 09:25:33 FINISHED LOADING
3277.23user 1906.25system 12:47:34elapsed 11%CPU (0avgtext+0avgdata 97912maxresident)k
2096856inputs+18480outputs (3906major+45586minor)pagefaults 0swaps
